-------------------------------------------------------------------------------
Test set: runner.Runner
-------------------------------------------------------------------------------
Tests run: 3, Failures: 1, Errors: 0, Skipped: 0, Time elapsed: 48.243 s <<< FAILURE! - in runner.Runner
Create Order Operation.Create order by customer  Time elapsed: 11.108 s  <<< FAILURE!
org.junit.ComparisonFailure: expected:<Confirmed[.]> but was:<Confirmed[]>

